<?xml version="1.0" encoding="UTF-8"?>
<testsuite xmlns:xsi="http://www.w3.org/2001/XMLSchema-instance" xsi:noNamespaceSchemaLocation="https://maven.apache.org/surefire/maven-surefire-plugin/xsd/surefire-test-report-3.0.xsd" version="3.0" name="cucumberOptions.testRunnerTestNG" time="8.315" tests="1" errors="0" skipped="0" failures="0">
  <properties>
[...]
</properties>
  <testcase name="runScenario[&quot;Login to application and check all the items links&quot;, &quot;Testing of e-commerce website&quot;](1)" classname="cucumberOptions.testRunnerTestNG" time="6.131">
    <system-out><![CDATA[
@check_links
Scenario Outline: Login to application and check all the items links # src/test/java/featureFiles/e-comm.feature:113
  Given User is on saucedemo page "https://www.saucedemo.com/"       # stepDefinitions.mainSteps.user_is_on_saucedemo_page(java.lang.String)
  Given Login with username standard_user and password secret_sauce  # stepDefinitions.mainSteps.login_with_username_and_password(java.lang.String,java.lang.String)
  When Select all the links on that page                             # stepDefinitions.mainSteps.select_all_the_links_on_that_page()
All links are working fine
  Then Click all links one by one                                    # stepDefinitions.mainSteps.click_all_links_one_by_one()
]]></system-out>
    <system-err><![CDATA[SLF4J: Failed to load class "org.slf4j.impl.StaticLoggerBinder".
SLF4J: Defaulting to no-operation (NOP) logger implementation
SLF4J: See http://www.slf4j.org/codes.html#StaticLoggerBinder for further details.
Feb 04, 2024 6:45:11 PM org.openqa.selenium.devtools.CdpVersionFinder findNearestMatch
WARNING: Unable to find an exact match for CDP version 121, returning the closest version; found: 120; Please update to a Selenium version that supports CDP version 121
]]></system-err>
  </testcase>
</testsuite>