<?xml version="1.0" encoding="UTF-8"?>
<testng-results ignored="0" total="1" passed="1" failed="0" skipped="0">
  <reporter-output>
  </reporter-output>
  <suite started-at="2024-02-04T14:32:40 IST" name="Default suite" finished-at="2024-02-04T14:32:47 IST" duration-ms="7256">
    <groups>
      <group name="cucumber">
        <method signature="AbstractTestNGCucumberTests.runScenario(io.cucumber.testng.PickleWrapper,io.cucumber.testng.FeatureWrapper)[pri:0, instance:cucumberOptions.testRunnerTestNG@3c46e67a]" name="runScenario" class="io.cucumber.testng.AbstractTestNGCucumberTests"/>
      </group> <!-- cucumber -->
    </groups>
    <test started-at="2024-02-04T14:32:40 IST" name="Default test" finished-at="2024-02-04T14:32:47 IST" duration-ms="7256">
      <class name="cucumberOptions.testRunnerTestNG">
        <test-method is-config="true" signature="setUpClass(org.testng.ITestContext)[pri:0, instance:cucumberOptions.testRunnerTestNG@3c46e67a]" started-at="2024-02-04T14:32:40 IST" name="setUpClass" finished-at="2024-02-04T14:32:41 IST" duration-ms="1051" status="PASS">
          <params>
            <param index="0">
              <value>
                <![CDATA[org.testng.TestRunner@6f1a80fb]]>
              </value>
            </param>
          </params>
          <reporter-output>
          </reporter-output>
        </test-method> <!-- setUpClass -->
        <test-method signature="runScenario(io.cucumber.testng.PickleWrapper,io.cucumber.testng.FeatureWrapper)[pri:0, instance:cucumberOptions.testRunnerTestNG@3c46e67a]" started-at="2024-02-04T14:32:41 IST" name="runScenario" description="Runs Cucumber Scenarios" data-provider="scenarios" finished-at="2024-02-04T14:32:47 IST" duration-ms="5983" status="PASS">
          <params>
            <param index="0">
              <value>
                <![CDATA["Login to application and check all the items links"]]>
              </value>
            </param>
            <param index="1">
              <value>
                <![CDATA["Testing of e-commerce website"]]>
              </value>
            </param>
          </params>
          <reporter-output>
          </reporter-output>
        </test-method> <!-- runScenario -->
        <test-method is-config="true" signature="tearDownClass()[pri:0, instance:cucumberOptions.testRunnerTestNG@3c46e67a]" started-at="2024-02-04T14:32:47 IST" name="tearDownClass" finished-at="2024-02-04T14:32:47 IST" duration-ms="140" status="PASS">
          <reporter-output>
          </reporter-output>
        </test-method> <!-- tearDownClass -->
      </class> <!-- cucumberOptions.testRunnerTestNG -->
    </test> <!-- Default test -->
  </suite> <!-- Default suite -->
</testng-results>
